<?xml version="1.0" encoding="UTF-8"?>
<!-- Generated by org.testng.reporters.JUnitXMLReporter -->
<testsuite ignored="0" hostname="EPINGUGW0218" failures="0" tests="4" name="Surefire test" time="0.024" errors="0" timestamp="2022-06-07T21:05:22 IST">
  <testcase classname="org.example.TestNgTests.SmokeAndRegressionTests" name="test1" time="0.004"/>
  <testcase classname="org.example.TestNgTests.SmokeAndRegressionTests" name="test2" time="0.0"/>
  <testcase classname="org.example.TestNgTests.SmokeAndRegressionTests" name="test3" time="0.001"/>
  <testcase classname="org.example.TestNgTests.SmokeAndRegressionTests" name="test4" time="0.0"/>
</testsuite> <!-- Surefire test -->
