<?xml version="1.0" encoding="UTF-8"?>
<testng-results ignored="0" total="4" passed="4" failed="0" skipped="0">
  <reporter-output>
  </reporter-output>
  <suite started-at="2022-06-07T21:05:22 IST" name="All Smoke Test Suite" finished-at="2022-06-07T21:05:22 IST" duration-ms="25">
    <groups>
      <group name="regression">
        <method signature="SmokeAndRegressionTests.test3()[pri:0, instance:org.example.TestNgTests.SmokeAndRegressionTests@69fb6037]" name="test3" class="org.example.TestNgTests.SmokeAndRegressionTests"/>
        <method signature="SmokeAndRegressionTests.test4()[pri:0, instance:org.example.TestNgTests.SmokeAndRegressionTests@69fb6037]" name="test4" class="org.example.TestNgTests.SmokeAndRegressionTests"/>
      </group> <!-- regression -->
      <group name="smoke">
        <method signature="SmokeAndRegressionTests.test1()[pri:0, instance:org.example.TestNgTests.SmokeAndRegressionTests@69fb6037]" name="test1" class="org.example.TestNgTests.SmokeAndRegressionTests"/>
        <method signature="SmokeAndRegressionTests.test2()[pri:0, instance:org.example.TestNgTests.SmokeAndRegressionTests@69fb6037]" name="test2" class="org.example.TestNgTests.SmokeAndRegressionTests"/>
        <method signature="SmokeAndRegressionTests.test3()[pri:0, instance:org.example.TestNgTests.SmokeAndRegressionTests@69fb6037]" name="test3" class="org.example.TestNgTests.SmokeAndRegressionTests"/>
        <method signature="SmokeAndRegressionTests.test4()[pri:0, instance:org.example.TestNgTests.SmokeAndRegressionTests@69fb6037]" name="test4" class="org.example.TestNgTests.SmokeAndRegressionTests"/>
      </group> <!-- smoke -->
    </groups>
    <test started-at="2022-06-07T21:05:22 IST" name="SerenityBDDMavenHometask1" finished-at="2022-06-07T21:05:22 IST" duration-ms="25">
      <class name="org.example.TestNgTests.SmokeAndRegressionTests">
        <test-method signature="test1()[pri:0, instance:org.example.TestNgTests.SmokeAndRegressionTests@69fb6037]" started-at="2022-06-07T21:05:22 IST" name="test1" finished-at="2022-06-07T21:05:22 IST" duration-ms="3" status="PASS">
          <reporter-output>
          </reporter-output>
        </test-method> <!-- test1 -->
        <test-method signature="test2()[pri:0, instance:org.example.TestNgTests.SmokeAndRegressionTests@69fb6037]" started-at="2022-06-07T21:05:22 IST" name="test2" finished-at="2022-06-07T21:05:22 IST" duration-ms="0" status="PASS">
          <reporter-output>
          </reporter-output>
        </test-method> <!-- test2 -->
        <test-method signature="test4()[pri:0, instance:org.example.TestNgTests.SmokeAndRegressionTests@69fb6037]" started-at="2022-06-07T21:05:22 IST" name="test4" finished-at="2022-06-07T21:05:22 IST" duration-ms="0" status="PASS">
          <reporter-output>
          </reporter-output>
        </test-method> <!-- test4 -->
        <test-method signature="test3()[pri:0, instance:org.example.TestNgTests.SmokeAndRegressionTests@69fb6037]" started-at="2022-06-07T21:05:22 IST" name="test3" finished-at="2022-06-07T21:05:22 IST" duration-ms="0" status="PASS">
          <reporter-output>
          </reporter-output>
        </test-method> <!-- test3 -->
      </class> <!-- org.example.TestNgTests.SmokeAndRegressionTests -->
    </test> <!-- SerenityBDDMavenHometask1 -->
  </suite> <!-- All Smoke Test Suite -->
</testng-results>
